\BOOKMARK [1][-]{section*.1}{\376\377\0005\000.\0001\000\040\000T\000h\000e\000\040\000L\000o\000r\000e\000n\000t\000z\000\040\000F\000o\000r\000c\000e\000\040\000L\000a\000w}{}% 1
\BOOKMARK [2][-]{section*.2}{\376\377\000C\000u\000r\000r\000e\000n\000t\000s}{section*.1}% 2
\BOOKMARK [2][-]{section*.3}{\376\377\000C\000o\000n\000s\000e\000r\000v\000a\000t\000i\000o\000n\000\040\000o\000f\000\040\000C\000h\000a\000r\000g\000e}{section*.1}% 3
\BOOKMARK [1][-]{section*.4}{\376\377\0005\000.\0002\000\040\000B\000i\000o\000t\000-\000S\000a\000v\000a\000r\000t\000\040\000L\000a\000w}{}% 4
\BOOKMARK [1][-]{section*.5}{\376\377\0005\000.\0003\000\040\000T\000h\000e\000\040\000D\000i\000v\000e\000r\000g\000e\000n\000c\000e\000\040\000a\000n\000d\000\040\000C\000u\000r\000l\000\040\000o\000f\000\040\000B}{}% 5
\BOOKMARK [2][-]{section*.6}{\376\377\000T\000h\000e\000\040\000D\000i\000v\000e\000r\000g\000e\000n\000c\000e}{section*.5}% 6
\BOOKMARK [2][-]{section*.7}{\376\377\000T\000h\000e\000\040\000C\000u\000r\000l\000:\000\040\000A\000m\000p\000e\000r\000e\000'\000s\000\040\000L\000a\000w}{section*.5}% 7
\BOOKMARK [1][-]{section*.8}{\376\377\0005\000.\0004\000\040\000M\000a\000g\000n\000e\000t\000i\000c\000\040\000V\000e\000c\000t\000o\000r\000\040\000P\000o\000t\000e\000n\000t\000i\000a\000l}{}% 8
\BOOKMARK [2][-]{section*.9}{\376\377\000B\000o\000u\000n\000d\000a\000r\000y\000\040\000C\000o\000n\000d\000i\000t\000i\000o\000n\000s}{section*.8}% 9
\BOOKMARK [2][-]{section*.10}{\376\377\000M\000u\000l\000t\000i\000p\000o\000l\000e\000\040\000E\000x\000p\000a\000n\000s\000i\000o\000n\000\040\000o\000n\000\040\000V\000e\000c\000t\000o\000r\000\040\000P\000o\000t\000e\000n\000t\000i\000a\000l}{section*.8}% 10
\BOOKMARK [1][-]{section*.11}{\376\377\0006\000.\0001\000\040\000M\000a\000g\000n\000e\000t\000i\000z\000a\000t\000i\000o\000n}{}% 11
\BOOKMARK [2][-]{section*.12}{\376\377\000M\000a\000g\000n\000e\000t\000i\000z\000a\000t\000i\000o\000n}{section*.11}% 12
\BOOKMARK [1][-]{section*.13}{\376\377\0006\000.\0002\000\040\000T\000h\000e\000\040\000F\000i\000e\000l\000d\000\040\000o\000f\000\040\000A\000\040\000M\000a\000g\000n\000e\000t\000i\000z\000e\000d\000\040\000O\000b\000j\000e\000c\000t}{}% 13
\BOOKMARK [2][-]{section*.14}{\376\377\000B\000o\000u\000n\000d\000\040\000C\000u\000r\000r\000e\000n\000t\000s}{section*.13}% 14
\BOOKMARK [1][-]{section*.15}{\376\377\0006\000.\0003\000\040\000T\000h\000e\000\040\000A\000u\000x\000i\000l\000i\000a\000r\000y\000\040\000F\000i\000e\000l\000d\000\040\000H}{}% 15
\BOOKMARK [2][-]{section*.16}{\376\377\000B\000o\000u\000n\000d\000a\000r\000y\000\040\000C\000o\000n\000d\000i\000t\000i\000o\000n\000s}{section*.15}% 16
\BOOKMARK [1][-]{section*.17}{\376\377\0006\000.\0004\000\040\000L\000i\000n\000e\000a\000r\000\040\000a\000n\000d\000\040\000N\000o\000n\000l\000i\000n\000e\000a\000r\000\040\000M\000e\000d\000i\000a}{}% 17
\BOOKMARK [1][-]{section*.18}{\376\377\0007\000.\0001\000\040\000E\000l\000e\000c\000t\000r\000o\000m\000o\000t\000i\000v\000e\000\040\000F\000o\000r\000c\000e}{}% 18
\BOOKMARK [2][-]{section*.19}{\376\377\000O\000h\000m\000'\000s\000\040\000L\000a\000w}{section*.18}% 19
\BOOKMARK [2][-]{section*.20}{\376\377\000E\000l\000e\000c\000t\000r\000o\000m\000o\000t\000i\000v\000e\000\040\000F\000o\000r\000c\000e}{section*.18}% 20
\BOOKMARK [2][-]{section*.21}{\376\377\000M\000o\000t\000i\000o\000n\000a\000l\000\040\000e\000m\000f}{section*.18}% 21
\BOOKMARK [1][-]{section*.22}{\376\377\0007\000.\0002\000\040\000E\000l\000e\000c\000t\000r\000o\000m\000a\000g\000n\000e\000t\000i\000c\000\040\000I\000n\000d\000u\000c\000t\000i\000o\000n}{}% 22
\BOOKMARK [2][-]{section*.23}{\376\377\000F\000a\000r\000a\000d\000a\000y\000'\000s\000\040\000L\000a\000w}{section*.22}% 23
\BOOKMARK [2][-]{section*.24}{\376\377\000T\000h\000e\000\040\000I\000n\000d\000u\000c\000e\000d\000\040\000E\000l\000e\000c\000t\000r\000i\000c\000\040\000F\000i\000e\000l\000d}{section*.22}% 24
\BOOKMARK [2][-]{section*.25}{\376\377\000I\000n\000d\000u\000c\000t\000a\000n\000c\000e}{section*.22}% 25
\BOOKMARK [2][-]{section*.26}{\376\377\000E\000n\000e\000r\000g\000y\000\040\000i\000n\000\040\000M\000a\000g\000n\000e\000t\000i\000c\000\040\000F\000i\000e\000l\000d\000s}{section*.22}% 26
\BOOKMARK [1][-]{section*.27}{\376\377\0007\000.\0003\000\040\000M\000a\000x\000w\000e\000l\000l\000'\000s\000\040\000e\000q\000u\000a\000t\000i\000o\000n\000s}{}% 27
